2024-07-17 08:07:37,318 INFO    StreamThr :42592 [internal.py:wandb_internal():85] W&B internal server running at pid: 42592, started at: 2024-07-17 08:07:37.317482
2024-07-17 08:07:37,319 DEBUG   HandlerThread:42592 [handler.py:handle_request():158] handle_request: status
2024-07-17 08:07:37,320 INFO    WriterThread:42592 [datastore.py:open_for_write():87] open: /home/yuzhen/Desktop/ml_learn/wandb_self_learn/wandb/run-20240717_080737-83fmeogz/run-83fmeogz.wandb
2024-07-17 08:07:37,321 DEBUG   SenderThread:42592 [sender.py:send():379] send: header
2024-07-17 08:07:37,322 DEBUG   SenderThread:42592 [sender.py:send():379] send: run
2024-07-17 08:07:42,323 DEBUG   HandlerThread:42592 [handler.py:handle_request():158] handle_request: keepalive
2024-07-17 08:07:47,324 DEBUG   HandlerThread:42592 [handler.py:handle_request():158] handle_request: keepalive
2024-07-17 08:07:52,325 DEBUG   HandlerThread:42592 [handler.py:handle_request():158] handle_request: keepalive
2024-07-17 08:07:57,327 DEBUG   HandlerThread:42592 [handler.py:handle_request():158] handle_request: keepalive
2024-07-17 08:08:02,328 DEBUG   HandlerThread:42592 [handler.py:handle_request():158] handle_request: keepalive
2024-07-17 08:08:07,329 DEBUG   HandlerThread:42592 [handler.py:handle_request():158] handle_request: keepalive
2024-07-17 08:08:12,330 DEBUG   HandlerThread:42592 [handler.py:handle_request():158] handle_request: keepalive
2024-07-17 08:08:17,332 DEBUG   HandlerThread:42592 [handler.py:handle_request():158] handle_request: keepalive
2024-07-17 08:08:22,334 DEBUG   HandlerThread:42592 [handler.py:handle_request():158] handle_request: keepalive
2024-07-17 08:08:27,335 DEBUG   HandlerThread:42592 [handler.py:handle_request():158] handle_request: keepalive
2024-07-17 08:08:31,386 INFO    SenderThread:42592 [retry.py:__call__():172] Retry attempt failed:
Traceback (most recent call last):
  File "/home/yuzhen/Desktop/ENTER/envs/sparrows/lib/python3.10/site-packages/urllib3/connection.py", line 196, in _new_conn
    sock = connection.create_connection(
  File "/home/yuzhen/Desktop/ENTER/envs/sparrows/lib/python3.10/site-packages/urllib3/util/connection.py", line 60, in create_connection
    for res in socket.getaddrinfo(host, port, family, socket.SOCK_STREAM):
  File "/home/yuzhen/Desktop/ENTER/envs/sparrows/lib/python3.10/socket.py", line 955, in getaddrinfo
    for res in _socket.getaddrinfo(host, port, family, type, proto, flags):
socket.gaierror: [Errno -3] Temporary failure in name resolution

The above exception was the direct cause of the following exception:

Traceback (most recent call last):
  File "/home/yuzhen/Desktop/ENTER/envs/sparrows/lib/python3.10/site-packages/urllib3/connectionpool.py", line 789, in urlopen
    response = self._make_request(
  File "/home/yuzhen/Desktop/ENTER/envs/sparrows/lib/python3.10/site-packages/urllib3/connectionpool.py", line 490, in _make_request
    raise new_e
  File "/home/yuzhen/Desktop/ENTER/envs/sparrows/lib/python3.10/site-packages/urllib3/connectionpool.py", line 466, in _make_request
    self._validate_conn(conn)
  File "/home/yuzhen/Desktop/ENTER/envs/sparrows/lib/python3.10/site-packages/urllib3/connectionpool.py", line 1095, in _validate_conn
    conn.connect()
  File "/home/yuzhen/Desktop/ENTER/envs/sparrows/lib/python3.10/site-packages/urllib3/connection.py", line 615, in connect
    self.sock = sock = self._new_conn()
  File "/home/yuzhen/Desktop/ENTER/envs/sparrows/lib/python3.10/site-packages/urllib3/connection.py", line 203, in _new_conn
    raise NameResolutionError(self.host, self, e) from e
urllib3.exceptions.NameResolutionError: <urllib3.connection.HTTPSConnection object at 0x7f0d925a1f90>: Failed to resolve 'api.wandb.ai' ([Errno -3] Temporary failure in name resolution)

The above exception was the direct cause of the following exception:

Traceback (most recent call last):
  File "/home/yuzhen/Desktop/ENTER/envs/sparrows/lib/python3.10/site-packages/requests/adapters.py", line 589, in send
    resp = conn.urlopen(
  File "/home/yuzhen/Desktop/ENTER/envs/sparrows/lib/python3.10/site-packages/urllib3/connectionpool.py", line 843, in urlopen
    retries = retries.increment(
  File "/home/yuzhen/Desktop/ENTER/envs/sparrows/lib/python3.10/site-packages/urllib3/util/retry.py", line 519, in increment
    raise MaxRetryError(_pool, url, reason) from reason  # type: ignore[arg-type]
urllib3.exceptions.MaxRetryError: HTTPSConnectionPool(host='api.wandb.ai', port=443): Max retries exceeded with url: /graphql (Caused by NameResolutionError("<urllib3.connection.HTTPSConnection object at 0x7f0d925a1f90>: Failed to resolve 'api.wandb.ai' ([Errno -3] Temporary failure in name resolution)"))

During handling of the above exception, another exception occurred:

Traceback (most recent call last):
  File "/home/yuzhen/Desktop/ENTER/envs/sparrows/lib/python3.10/site-packages/wandb/sdk/lib/retry.py", line 131, in __call__
    result = self._call_fn(*args, **kwargs)
  File "/home/yuzhen/Desktop/ENTER/envs/sparrows/lib/python3.10/site-packages/wandb/sdk/internal/internal_api.py", line 345, in execute
    return self.client.execute(*args, **kwargs)  # type: ignore
  File "/home/yuzhen/Desktop/ENTER/envs/sparrows/lib/python3.10/site-packages/wandb/vendor/gql-0.2.0/wandb_gql/client.py", line 52, in execute
    result = self._get_result(document, *args, **kwargs)
  File "/home/yuzhen/Desktop/ENTER/envs/sparrows/lib/python3.10/site-packages/wandb/vendor/gql-0.2.0/wandb_gql/client.py", line 60, in _get_result
    return self.transport.execute(document, *args, **kwargs)
  File "/home/yuzhen/Desktop/ENTER/envs/sparrows/lib/python3.10/site-packages/wandb/sdk/lib/gql_request.py", line 58, in execute
    request = self.session.post(self.url, **post_args)
  File "/home/yuzhen/Desktop/ENTER/envs/sparrows/lib/python3.10/site-packages/requests/sessions.py", line 637, in post
    return self.request("POST", url, data=data, json=json, **kwargs)
  File "/home/yuzhen/Desktop/ENTER/envs/sparrows/lib/python3.10/site-packages/requests/sessions.py", line 589, in request
    resp = self.send(prep, **send_kwargs)
  File "/home/yuzhen/Desktop/ENTER/envs/sparrows/lib/python3.10/site-packages/requests/sessions.py", line 703, in send
    r = adapter.send(request, **kwargs)
  File "/home/yuzhen/Desktop/ENTER/envs/sparrows/lib/python3.10/site-packages/requests/adapters.py", line 622, in send
    raise ConnectionError(e, request=request)
requests.exceptions.ConnectionError: HTTPSConnectionPool(host='api.wandb.ai', port=443): Max retries exceeded with url: /graphql (Caused by NameResolutionError("<urllib3.connection.HTTPSConnection object at 0x7f0d925a1f90>: Failed to resolve 'api.wandb.ai' ([Errno -3] Temporary failure in name resolution)"))
2024-07-17 08:08:32,336 DEBUG   HandlerThread:42592 [handler.py:handle_request():158] handle_request: keepalive
2024-07-17 08:08:37,338 DEBUG   HandlerThread:42592 [handler.py:handle_request():158] handle_request: keepalive
2024-07-17 08:08:42,339 DEBUG   HandlerThread:42592 [handler.py:handle_request():158] handle_request: keepalive
2024-07-17 08:08:47,078 INFO    SenderThread:42592 [dir_watcher.py:__init__():211] watching files in: /home/yuzhen/Desktop/ml_learn/wandb_self_learn/wandb/run-20240717_080737-83fmeogz/files
2024-07-17 08:08:47,078 INFO    SenderThread:42592 [sender.py:_start_run_threads():1188] run started: 83fmeogz with start time 1721218057.31699
2024-07-17 08:08:47,078 DEBUG   HandlerThread:42592 [handler.py:handle_request():158] handle_request: status_report
2024-07-17 08:08:47,085 DEBUG   HandlerThread:42592 [handler.py:handle_request():158] handle_request: check_version
2024-07-17 08:08:47,085 DEBUG   SenderThread:42592 [sender.py:send_request():406] send_request: check_version
2024-07-17 08:08:52,085 DEBUG   HandlerThread:42592 [handler.py:handle_request():158] handle_request: keepalive
2024-07-17 08:08:52,086 DEBUG   HandlerThread:42592 [handler.py:handle_request():158] handle_request: status_report
2024-07-17 08:08:52,137 DEBUG   HandlerThread:42592 [handler.py:handle_request():158] handle_request: run_start
2024-07-17 08:08:54,016 DEBUG   HandlerThread:42592 [system_info.py:__init__():26] System info init
2024-07-17 08:08:54,016 DEBUG   HandlerThread:42592 [system_info.py:__init__():41] System info init done
2024-07-17 08:08:54,016 INFO    HandlerThread:42592 [system_monitor.py:start():194] Starting system monitor
2024-07-17 08:08:54,016 INFO    SystemMonitor:42592 [system_monitor.py:_start():158] Starting system asset monitoring threads
2024-07-17 08:08:54,017 INFO    HandlerThread:42592 [system_monitor.py:probe():214] Collecting system info
2024-07-17 08:08:54,017 INFO    SystemMonitor:42592 [interfaces.py:start():188] Started cpu monitoring
2024-07-17 08:08:54,018 INFO    SystemMonitor:42592 [interfaces.py:start():188] Started disk monitoring
2024-07-17 08:08:54,019 INFO    SystemMonitor:42592 [interfaces.py:start():188] Started gpu monitoring
2024-07-17 08:08:54,019 INFO    SystemMonitor:42592 [interfaces.py:start():188] Started memory monitoring
2024-07-17 08:08:54,020 INFO    SystemMonitor:42592 [interfaces.py:start():188] Started network monitoring
2024-07-17 08:08:54,026 ERROR   gpu       :42592 [interfaces.py:monitor():142] Failed to sample metric: No data
2024-07-17 08:08:54,026 ERROR   gpu       :42592 [interfaces.py:monitor():142] Failed to sample metric: No data
2024-07-17 08:08:54,070 DEBUG   HandlerThread:42592 [system_info.py:probe():152] Probing system
2024-07-17 08:08:54,072 DEBUG   HandlerThread:42592 [system_info.py:_probe_git():137] Probing git
2024-07-17 08:08:54,079 DEBUG   HandlerThread:42592 [system_info.py:_probe_git():145] Probing git done
2024-07-17 08:08:54,079 DEBUG   HandlerThread:42592 [system_info.py:probe():200] Probing system done
2024-07-17 08:08:54,079 DEBUG   HandlerThread:42592 [system_monitor.py:probe():223] {'os': 'Linux-5.15.0-113-generic-x86_64-with-glibc2.31', 'python': '3.10.14', 'heartbeatAt': '2024-07-17T12:08:54.070656', 'startedAt': '2024-07-17T12:07:37.314304', 'docker': None, 'cuda': None, 'args': (), 'state': 'running', 'program': '/home/yuzhen/Desktop/ml_learn/wandb_self_learn/test.py', 'codePathLocal': 'test.py', 'codePath': 'wandb_self_learn/test.py', 'git': {'remote': None, 'commit': 'dc19bfb62958345ad8e876dda65cd20a10c22661'}, 'email': 'yuzhench@umich.edu', 'root': '/home/yuzhen/Desktop/ml_learn', 'host': 'yuzhen-Alienware-m15-R7-AMD', 'username': 'yuzhen', 'executable': '/home/yuzhen/Desktop/ENTER/envs/sparrows/bin/python3', 'cpu_count': 8, 'cpu_count_logical': 16, 'cpu_freq': {'current': 1975.87075, 'min': 1600.0, 'max': 3300.0}, 'cpu_freq_per_core': [{'current': 1600.0, 'min': 1600.0, 'max': 3300.0}, {'current': 1600.0, 'min': 1600.0, 'max': 3300.0}, {'current': 3300.0, 'min': 1600.0, 'max': 3300.0}, {'current': 1600.0, 'min': 1600.0, 'max': 3300.0}, {'current': 3126.442, 'min': 1600.0, 'max': 3300.0}, {'current': 1600.0, 'min': 1600.0, 'max': 3300.0}, {'current': 1600.0, 'min': 1600.0, 'max': 3300.0}, {'current': 1800.0, 'min': 1600.0, 'max': 3300.0}, {'current': 1800.0, 'min': 1600.0, 'max': 3300.0}, {'current': 1600.0, 'min': 1600.0, 'max': 3300.0}, {'current': 3684.903, 'min': 1600.0, 'max': 3300.0}, {'current': 1600.0, 'min': 1600.0, 'max': 3300.0}, {'current': 1800.0, 'min': 1600.0, 'max': 3300.0}, {'current': 2061.446, 'min': 1600.0, 'max': 3300.0}, {'current': 1800.0, 'min': 1600.0, 'max': 3300.0}, {'current': 1800.0, 'min': 1600.0, 'max': 3300.0}], 'disk': {'/': {'total': 915.8154449462891, 'used': 720.099910736084}}, 'gpu': 'NVIDIA GeForce RTX 3080 Ti Laptop GPU', 'gpu_count': 1, 'gpu_devices': [{'name': 'NVIDIA GeForce RTX 3080 Ti Laptop GPU', 'memory_total': 17179869184}], 'memory': {'total': 30.58127212524414}}
2024-07-17 08:08:54,079 INFO    HandlerThread:42592 [system_monitor.py:probe():224] Finished collecting system info
2024-07-17 08:08:54,079 INFO    HandlerThread:42592 [system_monitor.py:probe():227] Publishing system info
2024-07-17 08:08:54,079 DEBUG   HandlerThread:42592 [system_info.py:_save_conda():209] Saving list of conda packages installed into the current environment
2024-07-17 08:08:54,082 INFO    Thread-12 :42592 [dir_watcher.py:_on_file_created():271] file/dir created: /home/yuzhen/Desktop/ml_learn/wandb_self_learn/wandb/run-20240717_080737-83fmeogz/files/conda-environment.yaml
2024-07-17 08:08:58,306 DEBUG   HandlerThread:42592 [system_info.py:_save_conda():224] Saving conda packages done
2024-07-17 08:08:58,307 INFO    HandlerThread:42592 [system_monitor.py:probe():229] Finished publishing system info
2024-07-17 08:08:58,311 DEBUG   HandlerThread:42592 [handler.py:handle_request():158] handle_request: status_report
2024-07-17 08:08:58,311 DEBUG   HandlerThread:42592 [handler.py:handle_request():158] handle_request: keepalive
2024-07-17 08:08:58,311 DEBUG   SenderThread:42592 [sender.py:send():379] send: files
2024-07-17 08:08:58,312 INFO    SenderThread:42592 [sender.py:_save_file():1454] saving file wandb-metadata.json with policy now
2024-07-17 08:08:58,418 DEBUG   HandlerThread:42592 [handler.py:handle_request():158] handle_request: python_packages
2024-07-17 08:08:58,418 DEBUG   SenderThread:42592 [sender.py:send_request():406] send_request: python_packages
2024-07-17 08:08:58,419 DEBUG   HandlerThread:42592 [handler.py:handle_request():158] handle_request: stop_status
2024-07-17 08:08:58,419 DEBUG   SenderThread:42592 [sender.py:send_request():406] send_request: stop_status
2024-07-17 08:08:58,421 DEBUG   HandlerThread:42592 [handler.py:handle_request():158] handle_request: partial_history
2024-07-17 08:08:58,421 DEBUG   HandlerThread:42592 [handler.py:handle_request():158] handle_request: internal_messages
2024-07-17 08:08:58,422 DEBUG   HandlerThread:42592 [handler.py:handle_request():158] handle_request: partial_history
2024-07-17 08:08:58,422 DEBUG   HandlerThread:42592 [handler.py:handle_request():158] handle_request: partial_history
2024-07-17 08:08:58,423 DEBUG   HandlerThread:42592 [handler.py:handle_request():158] handle_request: partial_history
2024-07-17 08:08:58,423 DEBUG   HandlerThread:42592 [handler.py:handle_request():158] handle_request: partial_history
2024-07-17 08:08:58,424 DEBUG   HandlerThread:42592 [handler.py:handle_request():158] handle_request: partial_history
2024-07-17 08:08:58,424 DEBUG   HandlerThread:42592 [handler.py:handle_request():158] handle_request: partial_history
2024-07-17 08:08:58,424 DEBUG   HandlerThread:42592 [handler.py:handle_request():158] handle_request: partial_history
2024-07-17 08:08:58,425 DEBUG   HandlerThread:42592 [handler.py:handle_request():158] handle_request: partial_history
2024-07-17 08:08:58,425 DEBUG   HandlerThread:42592 [handler.py:handle_request():158] handle_request: partial_history
2024-07-17 08:08:58,425 DEBUG   HandlerThread:42592 [handler.py:handle_request():158] handle_request: server_info
2024-07-17 08:08:59,083 INFO    Thread-12 :42592 [dir_watcher.py:_on_file_modified():288] file/dir modified: /home/yuzhen/Desktop/ml_learn/wandb_self_learn/wandb/run-20240717_080737-83fmeogz/files/conda-environment.yaml
2024-07-17 08:08:59,083 INFO    Thread-12 :42592 [dir_watcher.py:_on_file_created():271] file/dir created: /home/yuzhen/Desktop/ml_learn/wandb_self_learn/wandb/run-20240717_080737-83fmeogz/files/wandb-metadata.json
2024-07-17 08:08:59,083 INFO    Thread-12 :42592 [dir_watcher.py:_on_file_created():271] file/dir created: /home/yuzhen/Desktop/ml_learn/wandb_self_learn/wandb/run-20240717_080737-83fmeogz/files/requirements.txt
2024-07-17 08:08:59,151 DEBUG   SenderThread:42592 [sender.py:send():379] send: telemetry
2024-07-17 08:08:59,151 DEBUG   SenderThread:42592 [sender.py:send():379] send: history
2024-07-17 08:08:59,151 DEBUG   SenderThread:42592 [sender.py:send_request():406] send_request: summary_record
2024-07-17 08:08:59,152 INFO    SenderThread:42592 [sender.py:_save_file():1454] saving file wandb-summary.json with policy end
2024-07-17 08:08:59,154 DEBUG   SenderThread:42592 [sender.py:send():379] send: history
2024-07-17 08:08:59,154 DEBUG   SenderThread:42592 [sender.py:send_request():406] send_request: summary_record
2024-07-17 08:08:59,154 INFO    SenderThread:42592 [sender.py:_save_file():1454] saving file wandb-summary.json with policy end
2024-07-17 08:08:59,155 DEBUG   SenderThread:42592 [sender.py:send():379] send: history
2024-07-17 08:08:59,155 DEBUG   SenderThread:42592 [sender.py:send_request():406] send_request: summary_record
2024-07-17 08:08:59,155 INFO    SenderThread:42592 [sender.py:_save_file():1454] saving file wandb-summary.json with policy end
2024-07-17 08:08:59,155 DEBUG   SenderThread:42592 [sender.py:send():379] send: history
2024-07-17 08:08:59,156 DEBUG   SenderThread:42592 [sender.py:send_request():406] send_request: summary_record
2024-07-17 08:08:59,156 INFO    SenderThread:42592 [sender.py:_save_file():1454] saving file wandb-summary.json with policy end
2024-07-17 08:08:59,156 DEBUG   SenderThread:42592 [sender.py:send():379] send: history
2024-07-17 08:08:59,156 DEBUG   SenderThread:42592 [sender.py:send_request():406] send_request: summary_record
2024-07-17 08:08:59,156 INFO    SenderThread:42592 [sender.py:_save_file():1454] saving file wandb-summary.json with policy end
2024-07-17 08:08:59,157 DEBUG   SenderThread:42592 [sender.py:send():379] send: history
2024-07-17 08:08:59,157 DEBUG   SenderThread:42592 [sender.py:send_request():406] send_request: summary_record
2024-07-17 08:08:59,157 INFO    SenderThread:42592 [sender.py:_save_file():1454] saving file wandb-summary.json with policy end
2024-07-17 08:08:59,157 DEBUG   SenderThread:42592 [sender.py:send():379] send: history
2024-07-17 08:08:59,157 DEBUG   SenderThread:42592 [sender.py:send_request():406] send_request: summary_record
2024-07-17 08:08:59,157 INFO    SenderThread:42592 [sender.py:_save_file():1454] saving file wandb-summary.json with policy end
2024-07-17 08:08:59,157 DEBUG   SenderThread:42592 [sender.py:send():379] send: history
2024-07-17 08:08:59,157 DEBUG   SenderThread:42592 [sender.py:send_request():406] send_request: summary_record
2024-07-17 08:08:59,157 INFO    SenderThread:42592 [sender.py:_save_file():1454] saving file wandb-summary.json with policy end
2024-07-17 08:08:59,158 DEBUG   SenderThread:42592 [sender.py:send():379] send: history
2024-07-17 08:08:59,158 DEBUG   SenderThread:42592 [sender.py:send_request():406] send_request: summary_record
2024-07-17 08:08:59,158 INFO    SenderThread:42592 [sender.py:_save_file():1454] saving file wandb-summary.json with policy end
2024-07-17 08:08:59,158 DEBUG   SenderThread:42592 [sender.py:send():379] send: history
2024-07-17 08:08:59,158 DEBUG   SenderThread:42592 [sender.py:send_request():406] send_request: summary_record
2024-07-17 08:08:59,158 INFO    SenderThread:42592 [sender.py:_save_file():1454] saving file wandb-summary.json with policy end
2024-07-17 08:08:59,158 DEBUG   SenderThread:42592 [sender.py:send():379] send: telemetry
2024-07-17 08:08:59,158 DEBUG   SenderThread:42592 [sender.py:send_request():406] send_request: server_info
2024-07-17 08:08:59,527 DEBUG   SenderThread:42592 [sender.py:send():379] send: exit
2024-07-17 08:08:59,527 INFO    SenderThread:42592 [sender.py:send_exit():586] handling exit code: 0
2024-07-17 08:08:59,527 INFO    SenderThread:42592 [sender.py:send_exit():588] handling runtime: 7
2024-07-17 08:08:59,528 INFO    SenderThread:42592 [sender.py:_save_file():1454] saving file wandb-summary.json with policy end
2024-07-17 08:08:59,528 INFO    SenderThread:42592 [sender.py:send_exit():594] send defer
2024-07-17 08:08:59,528 DEBUG   HandlerThread:42592 [handler.py:handle_request():158] handle_request: defer
2024-07-17 08:08:59,528 INFO    HandlerThread:42592 [handler.py:handle_request_defer():184] handle defer: 0
2024-07-17 08:08:59,529 DEBUG   SenderThread:42592 [sender.py:send_request():406] send_request: defer
2024-07-17 08:08:59,529 INFO    SenderThread:42592 [sender.py:send_request_defer():610] handle sender defer: 0
2024-07-17 08:08:59,529 INFO    SenderThread:42592 [sender.py:transition_state():614] send defer: 1
2024-07-17 08:08:59,529 DEBUG   HandlerThread:42592 [handler.py:handle_request():158] handle_request: defer
2024-07-17 08:08:59,529 INFO    HandlerThread:42592 [handler.py:handle_request_defer():184] handle defer: 1
2024-07-17 08:08:59,529 DEBUG   SenderThread:42592 [sender.py:send_request():406] send_request: defer
2024-07-17 08:08:59,529 INFO    SenderThread:42592 [sender.py:send_request_defer():610] handle sender defer: 1
2024-07-17 08:08:59,529 INFO    SenderThread:42592 [sender.py:transition_state():614] send defer: 2
2024-07-17 08:08:59,529 DEBUG   HandlerThread:42592 [handler.py:handle_request():158] handle_request: defer
2024-07-17 08:08:59,529 INFO    HandlerThread:42592 [handler.py:handle_request_defer():184] handle defer: 2
2024-07-17 08:08:59,529 INFO    HandlerThread:42592 [system_monitor.py:finish():203] Stopping system monitor
2024-07-17 08:08:59,529 DEBUG   SystemMonitor:42592 [system_monitor.py:_start():172] Starting system metrics aggregation loop
2024-07-17 08:08:59,530 DEBUG   SystemMonitor:42592 [system_monitor.py:_start():179] Finished system metrics aggregation loop
2024-07-17 08:08:59,530 DEBUG   SystemMonitor:42592 [system_monitor.py:_start():183] Publishing last batch of metrics
2024-07-17 08:08:59,531 INFO    HandlerThread:42592 [interfaces.py:finish():200] Joined cpu monitor
2024-07-17 08:08:59,531 INFO    HandlerThread:42592 [interfaces.py:finish():200] Joined disk monitor
2024-07-17 08:08:59,598 INFO    HandlerThread:42592 [interfaces.py:finish():200] Joined gpu monitor
2024-07-17 08:08:59,599 INFO    HandlerThread:42592 [interfaces.py:finish():200] Joined memory monitor
2024-07-17 08:08:59,599 INFO    HandlerThread:42592 [interfaces.py:finish():200] Joined network monitor
2024-07-17 08:08:59,599 INFO    wandb-upload_0:42592 [upload_job.py:push():130] Uploaded file /tmp/tmp37hf9_otwandb/ucb9icbs-wandb-metadata.json
2024-07-17 08:08:59,600 DEBUG   SenderThread:42592 [sender.py:send_request():406] send_request: defer
2024-07-17 08:08:59,600 INFO    SenderThread:42592 [sender.py:send_request_defer():610] handle sender defer: 2
2024-07-17 08:08:59,600 INFO    SenderThread:42592 [sender.py:transition_state():614] send defer: 3
2024-07-17 08:08:59,600 DEBUG   SenderThread:42592 [sender.py:send():379] send: stats
2024-07-17 08:08:59,600 DEBUG   HandlerThread:42592 [handler.py:handle_request():158] handle_request: defer
2024-07-17 08:08:59,600 INFO    HandlerThread:42592 [handler.py:handle_request_defer():184] handle defer: 3
2024-07-17 08:08:59,601 DEBUG   SenderThread:42592 [sender.py:send_request():406] send_request: defer
2024-07-17 08:08:59,601 INFO    SenderThread:42592 [sender.py:send_request_defer():610] handle sender defer: 3
2024-07-17 08:08:59,601 INFO    SenderThread:42592 [sender.py:transition_state():614] send defer: 4
2024-07-17 08:08:59,601 DEBUG   HandlerThread:42592 [handler.py:handle_request():158] handle_request: defer
2024-07-17 08:08:59,601 INFO    HandlerThread:42592 [handler.py:handle_request_defer():184] handle defer: 4
2024-07-17 08:08:59,601 DEBUG   SenderThread:42592 [sender.py:send_request():406] send_request: defer
2024-07-17 08:08:59,601 INFO    SenderThread:42592 [sender.py:send_request_defer():610] handle sender defer: 4
2024-07-17 08:08:59,601 INFO    SenderThread:42592 [sender.py:transition_state():614] send defer: 5
2024-07-17 08:08:59,601 DEBUG   HandlerThread:42592 [handler.py:handle_request():158] handle_request: defer
2024-07-17 08:08:59,601 INFO    HandlerThread:42592 [handler.py:handle_request_defer():184] handle defer: 5
2024-07-17 08:08:59,602 DEBUG   SenderThread:42592 [sender.py:send():379] send: summary
2024-07-17 08:08:59,602 INFO    SenderThread:42592 [sender.py:_save_file():1454] saving file wandb-summary.json with policy end
2024-07-17 08:08:59,602 DEBUG   SenderThread:42592 [sender.py:send_request():406] send_request: defer
2024-07-17 08:08:59,602 INFO    SenderThread:42592 [sender.py:send_request_defer():610] handle sender defer: 5
2024-07-17 08:08:59,602 INFO    SenderThread:42592 [sender.py:transition_state():614] send defer: 6
2024-07-17 08:08:59,602 DEBUG   HandlerThread:42592 [handler.py:handle_request():158] handle_request: defer
2024-07-17 08:08:59,602 INFO    HandlerThread:42592 [handler.py:handle_request_defer():184] handle defer: 6
2024-07-17 08:08:59,603 DEBUG   SenderThread:42592 [sender.py:send_request():406] send_request: defer
2024-07-17 08:08:59,603 INFO    SenderThread:42592 [sender.py:send_request_defer():610] handle sender defer: 6
2024-07-17 08:08:59,605 DEBUG   HandlerThread:42592 [handler.py:handle_request():158] handle_request: status_report
2024-07-17 08:08:59,899 INFO    SenderThread:42592 [sender.py:transition_state():614] send defer: 7
2024-07-17 08:08:59,899 DEBUG   HandlerThread:42592 [handler.py:handle_request():158] handle_request: defer
2024-07-17 08:08:59,899 INFO    HandlerThread:42592 [handler.py:handle_request_defer():184] handle defer: 7
2024-07-17 08:08:59,900 DEBUG   SenderThread:42592 [sender.py:send_request():406] send_request: defer
2024-07-17 08:08:59,900 INFO    SenderThread:42592 [sender.py:send_request_defer():610] handle sender defer: 7
2024-07-17 08:09:00,084 INFO    Thread-12 :42592 [dir_watcher.py:_on_file_modified():288] file/dir modified: /home/yuzhen/Desktop/ml_learn/wandb_self_learn/wandb/run-20240717_080737-83fmeogz/files/config.yaml
2024-07-17 08:09:00,084 INFO    Thread-12 :42592 [dir_watcher.py:_on_file_created():271] file/dir created: /home/yuzhen/Desktop/ml_learn/wandb_self_learn/wandb/run-20240717_080737-83fmeogz/files/wandb-summary.json
2024-07-17 08:09:00,084 INFO    Thread-12 :42592 [dir_watcher.py:_on_file_created():271] file/dir created: /home/yuzhen/Desktop/ml_learn/wandb_self_learn/wandb/run-20240717_080737-83fmeogz/files/output.log
2024-07-17 08:09:00,527 DEBUG   HandlerThread:42592 [handler.py:handle_request():158] handle_request: poll_exit
2024-07-17 08:09:01,157 INFO    SenderThread:42592 [sender.py:transition_state():614] send defer: 8
2024-07-17 08:09:01,158 DEBUG   SenderThread:42592 [sender.py:send_request():406] send_request: poll_exit
2024-07-17 08:09:01,158 DEBUG   HandlerThread:42592 [handler.py:handle_request():158] handle_request: defer
2024-07-17 08:09:01,158 INFO    HandlerThread:42592 [handler.py:handle_request_defer():184] handle defer: 8
2024-07-17 08:09:01,158 DEBUG   SenderThread:42592 [sender.py:send_request():406] send_request: defer
2024-07-17 08:09:01,158 INFO    SenderThread:42592 [sender.py:send_request_defer():610] handle sender defer: 8
2024-07-17 08:09:01,159 INFO    SenderThread:42592 [job_builder.py:build():440] Attempting to build job artifact
2024-07-17 08:09:01,159 INFO    SenderThread:42592 [job_builder.py:_get_source_type():580] no source found
2024-07-17 08:09:01,159 INFO    SenderThread:42592 [sender.py:transition_state():614] send defer: 9
2024-07-17 08:09:01,159 DEBUG   HandlerThread:42592 [handler.py:handle_request():158] handle_request: defer
2024-07-17 08:09:01,159 INFO    HandlerThread:42592 [handler.py:handle_request_defer():184] handle defer: 9
2024-07-17 08:09:01,159 DEBUG   SenderThread:42592 [sender.py:send_request():406] send_request: defer
2024-07-17 08:09:01,159 INFO    SenderThread:42592 [sender.py:send_request_defer():610] handle sender defer: 9
2024-07-17 08:09:01,159 INFO    SenderThread:42592 [dir_watcher.py:finish():358] shutting down directory watcher
2024-07-17 08:09:01,528 DEBUG   HandlerThread:42592 [handler.py:handle_request():158] handle_request: poll_exit
2024-07-17 08:09:02,085 INFO    Thread-12 :42592 [dir_watcher.py:_on_file_modified():288] file/dir modified: /home/yuzhen/Desktop/ml_learn/wandb_self_learn/wandb/run-20240717_080737-83fmeogz/files/output.log
2024-07-17 08:09:02,085 INFO    SenderThread:42592 [dir_watcher.py:finish():388] scan: /home/yuzhen/Desktop/ml_learn/wandb_self_learn/wandb/run-20240717_080737-83fmeogz/files
2024-07-17 08:09:02,086 INFO    SenderThread:42592 [dir_watcher.py:finish():402] scan save: /home/yuzhen/Desktop/ml_learn/wandb_self_learn/wandb/run-20240717_080737-83fmeogz/files/output.log output.log
2024-07-17 08:09:02,086 INFO    SenderThread:42592 [dir_watcher.py:finish():402] scan save: /home/yuzhen/Desktop/ml_learn/wandb_self_learn/wandb/run-20240717_080737-83fmeogz/files/requirements.txt requirements.txt
2024-07-17 08:09:02,086 INFO    SenderThread:42592 [dir_watcher.py:finish():402] scan save: /home/yuzhen/Desktop/ml_learn/wandb_self_learn/wandb/run-20240717_080737-83fmeogz/files/wandb-metadata.json wandb-metadata.json
2024-07-17 08:09:02,086 INFO    SenderThread:42592 [dir_watcher.py:finish():402] scan save: /home/yuzhen/Desktop/ml_learn/wandb_self_learn/wandb/run-20240717_080737-83fmeogz/files/config.yaml config.yaml
2024-07-17 08:09:02,088 INFO    SenderThread:42592 [dir_watcher.py:finish():402] scan save: /home/yuzhen/Desktop/ml_learn/wandb_self_learn/wandb/run-20240717_080737-83fmeogz/files/conda-environment.yaml conda-environment.yaml
2024-07-17 08:09:02,091 INFO    SenderThread:42592 [dir_watcher.py:finish():402] scan save: /home/yuzhen/Desktop/ml_learn/wandb_self_learn/wandb/run-20240717_080737-83fmeogz/files/wandb-summary.json wandb-summary.json
2024-07-17 08:09:02,092 INFO    SenderThread:42592 [sender.py:transition_state():614] send defer: 10
2024-07-17 08:09:02,092 DEBUG   SenderThread:42592 [sender.py:send_request():406] send_request: poll_exit
2024-07-17 08:09:02,092 DEBUG   HandlerThread:42592 [handler.py:handle_request():158] handle_request: defer
2024-07-17 08:09:02,092 INFO    HandlerThread:42592 [handler.py:handle_request_defer():184] handle defer: 10
2024-07-17 08:09:02,094 DEBUG   SenderThread:42592 [sender.py:send_request():406] send_request: defer
2024-07-17 08:09:02,094 INFO    SenderThread:42592 [sender.py:send_request_defer():610] handle sender defer: 10
2024-07-17 08:09:02,096 INFO    SenderThread:42592 [file_pusher.py:finish():169] shutting down file pusher
2024-07-17 08:09:02,529 DEBUG   HandlerThread:42592 [handler.py:handle_request():158] handle_request: poll_exit
2024-07-17 08:09:02,529 DEBUG   SenderThread:42592 [sender.py:send_request():406] send_request: poll_exit
2024-07-17 08:09:02,801 INFO    wandb-upload_1:42592 [upload_job.py:push():130] Uploaded file /home/yuzhen/Desktop/ml_learn/wandb_self_learn/wandb/run-20240717_080737-83fmeogz/files/requirements.txt
2024-07-17 08:09:03,032 INFO    wandb-upload_0:42592 [upload_job.py:push():130] Uploaded file /home/yuzhen/Desktop/ml_learn/wandb_self_learn/wandb/run-20240717_080737-83fmeogz/files/output.log
2024-07-17 08:09:03,173 INFO    wandb-upload_2:42592 [upload_job.py:push():130] Uploaded file /home/yuzhen/Desktop/ml_learn/wandb_self_learn/wandb/run-20240717_080737-83fmeogz/files/config.yaml
2024-07-17 08:09:03,245 INFO    wandb-upload_3:42592 [upload_job.py:push():130] Uploaded file /home/yuzhen/Desktop/ml_learn/wandb_self_learn/wandb/run-20240717_080737-83fmeogz/files/conda-environment.yaml
2024-07-17 08:09:03,264 INFO    wandb-upload_4:42592 [upload_job.py:push():130] Uploaded file /home/yuzhen/Desktop/ml_learn/wandb_self_learn/wandb/run-20240717_080737-83fmeogz/files/wandb-summary.json
2024-07-17 08:09:03,464 INFO    Thread-11 (_thread_body):42592 [sender.py:transition_state():614] send defer: 11
2024-07-17 08:09:03,464 DEBUG   HandlerThread:42592 [handler.py:handle_request():158] handle_request: defer
2024-07-17 08:09:03,464 INFO    HandlerThread:42592 [handler.py:handle_request_defer():184] handle defer: 11
2024-07-17 08:09:03,465 DEBUG   SenderThread:42592 [sender.py:send_request():406] send_request: defer
2024-07-17 08:09:03,465 INFO    SenderThread:42592 [sender.py:send_request_defer():610] handle sender defer: 11
2024-07-17 08:09:03,465 INFO    SenderThread:42592 [file_pusher.py:join():175] waiting for file pusher
2024-07-17 08:09:03,465 INFO    SenderThread:42592 [sender.py:transition_state():614] send defer: 12
2024-07-17 08:09:03,465 DEBUG   HandlerThread:42592 [handler.py:handle_request():158] handle_request: defer
2024-07-17 08:09:03,465 INFO    HandlerThread:42592 [handler.py:handle_request_defer():184] handle defer: 12
2024-07-17 08:09:03,465 DEBUG   SenderThread:42592 [sender.py:send_request():406] send_request: defer
2024-07-17 08:09:03,465 INFO    SenderThread:42592 [sender.py:send_request_defer():610] handle sender defer: 12
2024-07-17 08:09:03,466 INFO    SenderThread:42592 [file_stream.py:finish():601] file stream finish called
2024-07-17 08:09:03,529 DEBUG   HandlerThread:42592 [handler.py:handle_request():158] handle_request: poll_exit
2024-07-17 08:09:05,128 INFO    SenderThread:42592 [file_stream.py:finish():605] file stream finish is done
2024-07-17 08:09:05,129 INFO    SenderThread:42592 [sender.py:transition_state():614] send defer: 13
2024-07-17 08:09:05,129 DEBUG   SenderThread:42592 [sender.py:send_request():406] send_request: poll_exit
2024-07-17 08:09:05,129 DEBUG   HandlerThread:42592 [handler.py:handle_request():158] handle_request: defer
2024-07-17 08:09:05,129 INFO    HandlerThread:42592 [handler.py:handle_request_defer():184] handle defer: 13
2024-07-17 08:09:05,130 DEBUG   SenderThread:42592 [sender.py:send_request():406] send_request: defer
2024-07-17 08:09:05,130 INFO    SenderThread:42592 [sender.py:send_request_defer():610] handle sender defer: 13
2024-07-17 08:09:05,130 INFO    SenderThread:42592 [sender.py:transition_state():614] send defer: 14
2024-07-17 08:09:05,130 DEBUG   HandlerThread:42592 [handler.py:handle_request():158] handle_request: defer
2024-07-17 08:09:05,130 INFO    HandlerThread:42592 [handler.py:handle_request_defer():184] handle defer: 14
2024-07-17 08:09:05,130 DEBUG   SenderThread:42592 [sender.py:send():379] send: final
2024-07-17 08:09:05,130 DEBUG   SenderThread:42592 [sender.py:send():379] send: footer
2024-07-17 08:09:05,131 DEBUG   SenderThread:42592 [sender.py:send_request():406] send_request: defer
2024-07-17 08:09:05,131 INFO    SenderThread:42592 [sender.py:send_request_defer():610] handle sender defer: 14
2024-07-17 08:09:05,131 DEBUG   HandlerThread:42592 [handler.py:handle_request():158] handle_request: poll_exit
2024-07-17 08:09:05,132 DEBUG   SenderThread:42592 [sender.py:send_request():406] send_request: poll_exit
2024-07-17 08:09:05,132 DEBUG   HandlerThread:42592 [handler.py:handle_request():158] handle_request: internal_messages
2024-07-17 08:09:05,133 DEBUG   HandlerThread:42592 [handler.py:handle_request():158] handle_request: get_summary
2024-07-17 08:09:05,133 DEBUG   HandlerThread:42592 [handler.py:handle_request():158] handle_request: sampled_history
2024-07-17 08:09:05,134 DEBUG   HandlerThread:42592 [handler.py:handle_request():158] handle_request: shutdown
2024-07-17 08:09:05,134 INFO    HandlerThread:42592 [handler.py:finish():882] shutting down handler
2024-07-17 08:09:06,132 INFO    WriterThread:42592 [datastore.py:close():296] close: /home/yuzhen/Desktop/ml_learn/wandb_self_learn/wandb/run-20240717_080737-83fmeogz/run-83fmeogz.wandb
2024-07-17 08:09:06,132 INFO    SenderThread:42592 [sender.py:finish():1608] shutting down sender
2024-07-17 08:09:06,132 INFO    SenderThread:42592 [file_pusher.py:finish():169] shutting down file pusher
2024-07-17 08:09:06,132 INFO    SenderThread:42592 [file_pusher.py:join():175] waiting for file pusher
